TN:
SF:C:\Users\an20081673\VSWorkspace\AngularSpringboot\AngularSpringbootApp\src\polyfills.ts
FNF:0
FNH:0
LF:0
LH:0
BRF:0
BRH:0
end_of_record
TN:
SF:C:\Users\an20081673\VSWorkspace\AngularSpringboot\AngularSpringbootApp\src\test.ts
FNF:0
FNH:0
DA:13,1
DA:18,1
DA:20,1
LF:3
LH:3
BRF:0
BRH:0
end_of_record
TN:
SF:C:\Users\an20081673\VSWorkspace\AngularSpringboot\AngularSpringbootApp\src\app\app.component.ts
FN:3,(anonymous_0)
FNF:1
FNH:1
FNDA:3,(anonymous_0)
DA:8,1
DA:9,3
LF:2
LH:2
BRF:0
BRH:0
end_of_record
TN:
SF:C:\Users\an20081673\VSWorkspace\AngularSpringboot\AngularSpringbootApp\src\app\user-service.service.ts
FN:12,(anonymous_0)
FN:16,(anonymous_1)
FN:20,(anonymous_2)
FNF:3
FNH:0
FNDA:0,(anonymous_0)
FNDA:0,(anonymous_1)
FNDA:0,(anonymous_2)
DA:8,1
DA:12,0
DA:13,0
DA:17,0
DA:21,0
LF:5
LH:1
BRF:0
BRH:0
end_of_record
TN:
SF:C:\Users\an20081673\VSWorkspace\AngularSpringboot\AngularSpringbootApp\src\app\user.ts
FNF:0
FNH:0
LF:0
LH:0
BRF:0
BRH:0
end_of_record
TN:
SF:C:\Users\an20081673\VSWorkspace\AngularSpringboot\AngularSpringbootApp\src\app\user-form\user-form.component.ts
FN:15,(anonymous_0)
FN:19,(anonymous_1)
FN:20,(anonymous_2)
FN:23,(anonymous_3)
FNF:4
FNH:0
FNDA:0,(anonymous_0)
FNDA:0,(anonymous_1)
FNDA:0,(anonymous_2)
FNDA:0,(anonymous_3)
DA:11,1
DA:15,0
DA:16,0
DA:20,0
DA:24,0
LF:5
LH:1
BRF:0
BRH:0
end_of_record
TN:
SF:C:\Users\an20081673\VSWorkspace\AngularSpringboot\AngularSpringbootApp\src\app\user-list\user-list.component.ts
FN:14,(anonymous_0)
FN:16,(anonymous_1)
FN:17,(anonymous_2)
FNF:3
FNH:0
FNDA:0,(anonymous_0)
FNDA:0,(anonymous_1)
FNDA:0,(anonymous_2)
DA:10,1
DA:14,0
DA:17,0
DA:18,0
LF:4
LH:1
BRF:0
BRH:0
end_of_record
